<?xml version="1.0" encoding="UTF-8"?>
<!-- Generated by org.testng.reporters.JUnitReportReporter -->
<testsuite hostname="WINDOWS-7LD1G3T" failures="0" tests="1" name="com.eBanking.testCases.TC_LoginTest_001" time="1.412" errors="0" timestamp="2021-07-12T16:58:26 PDT" skipped="0">
  <testcase classname="com.eBanking.testCases.TC_LoginTest_001" name="LoginTest" time="1.412"/>
  <system-out/>
</testsuite> <!-- com.eBanking.testCases.TC_LoginTest_001 -->
