<?xml version="1.0" encoding="UTF-8"?>
<!-- Generated by org.testng.reporters.JUnitReportReporter -->
<testsuite hostname="WINDOWS-7LD1G3T" failures="0" tests="1" name="com.eBanking.testCases.TC_AddCustomerTest_003" time="14.597" errors="0" timestamp="2021-07-12T21:50:21 PDT" skipped="0">
  <testcase classname="com.eBanking.testCases.TC_AddCustomerTest_003" name="addNewCustomer" time="14.597"/>
  <system-out/>
</testsuite> <!-- com.eBanking.testCases.TC_AddCustomerTest_003 -->
